\BOOKMARK [1][-]{section.1}{Basics}{}% 1
\BOOKMARK [2][-]{subsection.1.1}{Current}{section.1}% 2
\BOOKMARK [3][-]{subsubsection.1.1.1}{Ideal DC Current Source}{subsection.1.1}% 3
\BOOKMARK [2][-]{subsection.1.2}{Voltage}{section.1}% 4
\BOOKMARK [3][-]{subsubsection.1.2.1}{Ideal DC Voltage Source}{subsection.1.2}% 5
\BOOKMARK [2][-]{subsection.1.3}{Ideal resistor}{section.1}% 6
\BOOKMARK [2][-]{subsection.1.4}{Resistor Color Code}{section.1}% 7
\BOOKMARK [2][-]{subsection.1.5}{Power}{section.1}% 8
\BOOKMARK [1][-]{section.2}{Kirchhoff's Laws}{}% 9
\BOOKMARK [2][-]{subsection.2.1}{Kirchhoff's Current Law}{section.2}% 10
\BOOKMARK [2][-]{subsection.2.2}{Kirchhoff's Voltage Law}{section.2}% 11
\BOOKMARK [1][-]{section.3}{Voltage divider: Series Connection of Resistors}{}% 12
\BOOKMARK [1][-]{section.4}{Current Divider: Parallel connection of resistors}{}% 13
\BOOKMARK [1][-]{section.5}{Advanced methods for circuit analysis}{}% 14
\BOOKMARK [2][-]{subsection.5.1}{Node Method \046 Mesh Method}{section.5}% 15
\BOOKMARK [3][-]{subsubsection.5.1.1}{The Node Method}{subsection.5.1}% 16
\BOOKMARK [3][-]{subsubsection.5.1.2}{The Mesh Method}{subsection.5.1}% 17
\BOOKMARK [2][-]{subsection.5.2}{Equivalent Resistance}{section.5}% 18
\BOOKMARK [3][-]{subsubsection.5.2.1}{Thevenin's Theorem}{subsection.5.2}% 19
\BOOKMARK [3][-]{subsubsection.5.2.2}{-Y and Y- Conversions}{subsection.5.2}% 20
\BOOKMARK [3][-]{subsubsection.5.2.3}{Infinite Resistor Network}{subsection.5.2}% 21
