This is pdfTeX, Version 3.1415926-2.5-1.40.14 (TeX Live 2013/Debian) (format=pdflatex 2016.1.23)  2 MAR 2016 17:54
entering extended mode
 restricted \write18 enabled.
 %&-line parsing enabled.
**"circuit(Part 1).tex"
(./circuit(Part 1).tex
LaTeX2e <2011/06/27>
Babel <3.9h> and hyphenation patterns for 78 languages loaded.
(/usr/share/texlive/texmf-dist/tex/latex/base/article.cls
Document Class: article 2007/10/19 v1.4h Standard LaTeX document class
(/usr/share/texlive/texmf-dist/tex/latex/base/size10.clo
File: size10.clo 2007/10/19 v1.4h Standard LaTeX file (size option)
)
\c@part=\count79
\c@section=\count80
\c@subsection=\count81
\c@subsubsection=\count82
\c@paragraph=\count83
\c@subparagraph=\count84
\c@figure=\count85
\c@table=\count86
\abovecaptionskip=\skip41
\belowcaptionskip=\skip42
\bibindent=\dimen102
)
(/usr/share/texlive/texmf-dist/tex/latex/geometry/geometry.sty
Package: geometry 2010/09/12 v5.6 Page Geometry

(/usr/share/texlive/texmf-dist/tex/latex/graphics/keyval.sty
Package: keyval 1999/03/16 v1.13 key=value parser (DPC)
\KV@toks@=\toks14
)
(/usr/share/texlive/texmf-dist/tex/generic/oberdiek/ifpdf.sty
Package: ifpdf 2011/01/30 v2.3 Provides the ifpdf switch (HO)
Package ifpdf Info: pdfTeX in PDF mode is detected.
)
(/usr/share/texlive/texmf-dist/tex/generic/oberdiek/ifvtex.sty
Package: ifvtex 2010/03/01 v1.5 Detect VTeX and its facilities (HO)
Package ifvtex Info: VTeX not detected.
)
(/usr/share/texlive/texmf-dist/tex/generic/ifxetex/ifxetex.sty
Package: ifxetex 2010/09/12 v0.6 Provides ifxetex conditional
)
\Gm@cnth=\count87
\Gm@cntv=\count88
\c@Gm@tempcnt=\count89
\Gm@bindingoffset=\dimen103
\Gm@wd@mp=\dimen104
\Gm@odd@mp=\dimen105
\Gm@even@mp=\dimen106
\Gm@layoutwidth=\dimen107
\Gm@layoutheight=\dimen108
\Gm@layouthoffset=\dimen109
\Gm@layoutvoffset=\dimen110
\Gm@dimlist=\toks15
)
(/usr/share/texlive/texmf-dist/tex/latex/setspace/setspace.sty
Package: setspace 2011/12/19 v6.7a set line spacing
)
(/usr/share/texmf/tex/latex/xcolor/xcolor.sty
Package: xcolor 2007/01/21 v2.11 LaTeX color extensions (UK)

(/usr/share/texlive/texmf-dist/tex/latex/latexconfig/color.cfg
File: color.cfg 2007/01/18 v1.5 color configuration of teTeX/TeXLive
)
Package xcolor Info: Driver file: pdftex.def on input line 225.

(/usr/share/texlive/texmf-dist/tex/latex/pdftex-def/pdftex.def
File: pdftex.def 2011/05/27 v0.06d Graphics/color for pdfTeX

(/usr/share/texlive/texmf-dist/tex/generic/oberdiek/infwarerr.sty
Package: infwarerr 2010/04/08 v1.3 Providing info/warning/error messages (HO)
)
(/usr/share/texlive/texmf-dist/tex/generic/oberdiek/ltxcmds.sty
Package: ltxcmds 2011/11/09 v1.22 LaTeX kernel commands for general use (HO)
)
\Gread@gobject=\count90
)
Package xcolor Info: Model `cmy' substituted by `cmy0' on input line 1337.
Package xcolor Info: Model `hsb' substituted by `rgb' on input line 1341.
Package xcolor Info: Model `RGB' extended on input line 1353.
Package xcolor Info: Model `HTML' substituted by `rgb' on input line 1355.
Package xcolor Info: Model `Hsb' substituted by `hsb' on input line 1356.
Package xcolor Info: Model `tHsb' substituted by `hsb' on input line 1357.
Package xcolor Info: Model `HSB' substituted by `hsb' on input line 1358.
Package xcolor Info: Model `Gray' substituted by `gray' on input line 1359.
Package xcolor Info: Model `wave' substituted by `hsb' on input line 1360.
)
(/usr/share/texlive/texmf-dist/tex/latex/tools/verbatim.sty
Package: verbatim 2003/08/22 v1.5q LaTeX2e package for verbatim enhancements
\every@verbatim=\toks16
\verbatim@line=\toks17
\verbatim@in@stream=\read1
)
(/usr/share/texlive/texmf-dist/tex/latex/amsmath/amsgen.sty
File: amsgen.sty 1999/11/30 v2.0
\@emptytoks=\toks18
\ex@=\dimen111
)
(/usr/share/texlive/texmf-dist/tex/latex/amsmath/amsmath.sty
Package: amsmath 2013/01/14 v2.14 AMS math features
\@mathmargin=\skip43

For additional information on amsmath, use the `?' option.
(/usr/share/texlive/texmf-dist/tex/latex/amsmath/amstext.sty
Package: amstext 2000/06/29 v2.01
)
(/usr/share/texlive/texmf-dist/tex/latex/amsmath/amsbsy.sty
Package: amsbsy 1999/11/29 v1.2d
\pmbraise@=\dimen112
)
(/usr/share/texlive/texmf-dist/tex/latex/amsmath/amsopn.sty
Package: amsopn 1999/12/14 v2.01 operator names
)
\inf@bad=\count91
LaTeX Info: Redefining \frac on input line 210.
\uproot@=\count92
\leftroot@=\count93
LaTeX Info: Redefining \overline on input line 306.
\classnum@=\count94
\DOTSCASE@=\count95
LaTeX Info: Redefining \ldots on input line 378.
LaTeX Info: Redefining \dots on input line 381.
LaTeX Info: Redefining \cdots on input line 466.
\Mathstrutbox@=\box26
\strutbox@=\box27
\big@size=\dimen113
LaTeX Font Info:    Redeclaring font encoding OML on input line 566.
LaTeX Font Info:    Redeclaring font encoding OMS on input line 567.
\macc@depth=\count96
\c@MaxMatrixCols=\count97
\dotsspace@=\muskip10
\c@parentequation=\count98
\dspbrk@lvl=\count99
\tag@help=\toks19
\row@=\count100
\column@=\count101
\maxfields@=\count102
\andhelp@=\toks20
\eqnshift@=\dimen114
\alignsep@=\dimen115
\tagshift@=\dimen116
\tagwidth@=\dimen117
\totwidth@=\dimen118
\lineht@=\dimen119
\@envbody=\toks21
\multlinegap=\skip44
\multlinetaggap=\skip45
\mathdisplay@stack=\toks22
LaTeX Info: Redefining \[ on input line 2665.
LaTeX Info: Redefining \] on input line 2666.
)
(/usr/share/texmf/tex/latex/pgf/frontendlayer/tikz.sty
(/usr/share/texmf/tex/latex/pgf/basiclayer/pgf.sty
(/usr/share/texmf/tex/latex/pgf/utilities/pgfrcs.sty
(/usr/share/texmf/tex/generic/pgf/utilities/pgfutil-common.tex
\pgfutil@everybye=\toks23
)
(/usr/share/texmf/tex/generic/pgf/utilities/pgfutil-latex.def
\pgfutil@abb=\box28

(/usr/share/texlive/texmf-dist/tex/latex/ms/everyshi.sty
Package: everyshi 2001/05/15 v3.00 EveryShipout Package (MS)
))
(/usr/share/texmf/tex/generic/pgf/utilities/pgfrcs.code.tex
Package: pgfrcs 2010/10/25 v2.10 (rcs-revision 1.24)
))
Package: pgf 2008/01/15 v2.10 (rcs-revision 1.12)

(/usr/share/texmf/tex/latex/pgf/basiclayer/pgfcore.sty
(/usr/share/texlive/texmf-dist/tex/latex/graphics/graphicx.sty
Package: graphicx 1999/02/16 v1.0f Enhanced LaTeX Graphics (DPC,SPQR)

(/usr/share/texlive/texmf-dist/tex/latex/graphics/graphics.sty
Package: graphics 2009/02/05 v1.0o Standard LaTeX Graphics (DPC,SPQR)

(/usr/share/texlive/texmf-dist/tex/latex/graphics/trig.sty
Package: trig 1999/03/16 v1.09 sin cos tan (DPC)
)
(/usr/share/texlive/texmf-dist/tex/latex/latexconfig/graphics.cfg
File: graphics.cfg 2010/04/23 v1.9 graphics configuration of TeX Live
)
Package graphics Info: Driver file: pdftex.def on input line 91.
)
\Gin@req@height=\dimen120
\Gin@req@width=\dimen121
)
(/usr/share/texmf/tex/latex/pgf/systemlayer/pgfsys.sty
(/usr/share/texmf/tex/generic/pgf/systemlayer/pgfsys.code.tex
Package: pgfsys 2010/06/30 v2.10 (rcs-revision 1.37)

(/usr/share/texmf/tex/generic/pgf/utilities/pgfkeys.code.tex
\pgfkeys@pathtoks=\toks24
\pgfkeys@temptoks=\toks25

(/usr/share/texmf/tex/generic/pgf/utilities/pgfkeysfiltered.code.tex
\pgfkeys@tmptoks=\toks26
))
\pgf@x=\dimen122
\pgf@y=\dimen123
\pgf@xa=\dimen124
\pgf@ya=\dimen125
\pgf@xb=\dimen126
\pgf@yb=\dimen127
\pgf@xc=\dimen128
\pgf@yc=\dimen129
\w@pgf@writea=\write3
\r@pgf@reada=\read2
\c@pgf@counta=\count103
\c@pgf@countb=\count104
\c@pgf@countc=\count105
\c@pgf@countd=\count106

(/usr/share/texmf/tex/generic/pgf/systemlayer/pgf.cfg
File: pgf.cfg 2008/05/14  (rcs-revision 1.7)
)
Package pgfsys Info: Driver file for pgf: pgfsys-pdftex.def on input line 900.

(/usr/share/texmf/tex/generic/pgf/systemlayer/pgfsys-pdftex.def
File: pgfsys-pdftex.def 2009/05/22  (rcs-revision 1.26)

(/usr/share/texmf/tex/generic/pgf/systemlayer/pgfsys-common-pdf.def
File: pgfsys-common-pdf.def 2008/05/19  (rcs-revision 1.10)
)))
(/usr/share/texmf/tex/generic/pgf/systemlayer/pgfsyssoftpath.code.tex
File: pgfsyssoftpath.code.tex 2008/07/18  (rcs-revision 1.7)
\pgfsyssoftpath@smallbuffer@items=\count107
\pgfsyssoftpath@bigbuffer@items=\count108
)
(/usr/share/texmf/tex/generic/pgf/systemlayer/pgfsysprotocol.code.tex
File: pgfsysprotocol.code.tex 2006/10/16  (rcs-revision 1.4)
))
(/usr/share/texmf/tex/generic/pgf/basiclayer/pgfcore.code.tex
Package: pgfcore 2010/04/11 v2.10 (rcs-revision 1.7)

(/usr/share/texmf/tex/generic/pgf/math/pgfmath.code.tex
(/usr/share/texmf/tex/generic/pgf/math/pgfmathcalc.code.tex
(/usr/share/texmf/tex/generic/pgf/math/pgfmathutil.code.tex)
(/usr/share/texmf/tex/generic/pgf/math/pgfmathparser.code.tex
\pgfmath@dimen=\dimen130
\pgfmath@count=\count109
\pgfmath@box=\box29
\pgfmath@toks=\toks27
\pgfmath@stack@operand=\toks28
\pgfmath@stack@operation=\toks29
)
(/usr/share/texmf/tex/generic/pgf/math/pgfmathfunctions.code.tex
(/usr/share/texmf/tex/generic/pgf/math/pgfmathfunctions.basic.code.tex)
(/usr/share/texmf/tex/generic/pgf/math/pgfmathfunctions.trigonometric.code.tex)
(/usr/share/texmf/tex/generic/pgf/math/pgfmathfunctions.random.code.tex)
(/usr/share/texmf/tex/generic/pgf/math/pgfmathfunctions.comparison.code.tex)
(/usr/share/texmf/tex/generic/pgf/math/pgfmathfunctions.base.code.tex)
(/usr/share/texmf/tex/generic/pgf/math/pgfmathfunctions.round.code.tex)
(/usr/share/texmf/tex/generic/pgf/math/pgfmathfunctions.misc.code.tex)))
(/usr/share/texmf/tex/generic/pgf/math/pgfmathfloat.code.tex
\c@pgfmathroundto@lastzeros=\count110
))
(/usr/share/texmf/tex/generic/pgf/basiclayer/pgfcorepoints.code.tex
File: pgfcorepoints.code.tex 2010/04/09  (rcs-revision 1.20)
\pgf@picminx=\dimen131
\pgf@picmaxx=\dimen132
\pgf@picminy=\dimen133
\pgf@picmaxy=\dimen134
\pgf@pathminx=\dimen135
\pgf@pathmaxx=\dimen136
\pgf@pathminy=\dimen137
\pgf@pathmaxy=\dimen138
\pgf@xx=\dimen139
\pgf@xy=\dimen140
\pgf@yx=\dimen141
\pgf@yy=\dimen142
\pgf@zx=\dimen143
\pgf@zy=\dimen144
)
(/usr/share/texmf/tex/generic/pgf/basiclayer/pgfcorepathconstruct.code.tex
File: pgfcorepathconstruct.code.tex 2010/08/03  (rcs-revision 1.24)
\pgf@path@lastx=\dimen145
\pgf@path@lasty=\dimen146
)
(/usr/share/texmf/tex/generic/pgf/basiclayer/pgfcorepathusage.code.tex
File: pgfcorepathusage.code.tex 2008/04/22  (rcs-revision 1.12)
\pgf@shorten@end@additional=\dimen147
\pgf@shorten@start@additional=\dimen148
)
(/usr/share/texmf/tex/generic/pgf/basiclayer/pgfcorescopes.code.tex
File: pgfcorescopes.code.tex 2010/09/08  (rcs-revision 1.34)
\pgfpic=\box30
\pgf@hbox=\box31
\pgf@layerbox@main=\box32
\pgf@picture@serial@count=\count111
)
(/usr/share/texmf/tex/generic/pgf/basiclayer/pgfcoregraphicstate.code.tex
File: pgfcoregraphicstate.code.tex 2008/04/22  (rcs-revision 1.9)
\pgflinewidth=\dimen149
)
(/usr/share/texmf/tex/generic/pgf/basiclayer/pgfcoretransformations.code.tex
File: pgfcoretransformations.code.tex 2009/06/10  (rcs-revision 1.11)
\pgf@pt@x=\dimen150
\pgf@pt@y=\dimen151
\pgf@pt@temp=\dimen152
)
(/usr/share/texmf/tex/generic/pgf/basiclayer/pgfcorequick.code.tex
File: pgfcorequick.code.tex 2008/10/09  (rcs-revision 1.3)
)
(/usr/share/texmf/tex/generic/pgf/basiclayer/pgfcoreobjects.code.tex
File: pgfcoreobjects.code.tex 2006/10/11  (rcs-revision 1.2)
)
(/usr/share/texmf/tex/generic/pgf/basiclayer/pgfcorepathprocessing.code.tex
File: pgfcorepathprocessing.code.tex 2008/10/09  (rcs-revision 1.8)
)
(/usr/share/texmf/tex/generic/pgf/basiclayer/pgfcorearrows.code.tex
File: pgfcorearrows.code.tex 2008/04/23  (rcs-revision 1.11)
)
(/usr/share/texmf/tex/generic/pgf/basiclayer/pgfcoreshade.code.tex
File: pgfcoreshade.code.tex 2008/11/23  (rcs-revision 1.13)
\pgf@max=\dimen153
\pgf@sys@shading@range@num=\count112
)
(/usr/share/texmf/tex/generic/pgf/basiclayer/pgfcoreimage.code.tex
File: pgfcoreimage.code.tex 2010/03/25  (rcs-revision 1.16)

(/usr/share/texmf/tex/generic/pgf/basiclayer/pgfcoreexternal.code.tex
File: pgfcoreexternal.code.tex 2010/09/01  (rcs-revision 1.17)
\pgfexternal@startupbox=\box33
))
(/usr/share/texmf/tex/generic/pgf/basiclayer/pgfcorelayers.code.tex
File: pgfcorelayers.code.tex 2010/08/27  (rcs-revision 1.2)
)
(/usr/share/texmf/tex/generic/pgf/basiclayer/pgfcoretransparency.code.tex
File: pgfcoretransparency.code.tex 2008/01/17  (rcs-revision 1.2)
)
(/usr/share/texmf/tex/generic/pgf/basiclayer/pgfcorepatterns.code.tex
File: pgfcorepatterns.code.tex 2009/07/02  (rcs-revision 1.3)
)))
(/usr/share/texmf/tex/generic/pgf/modules/pgfmoduleshapes.code.tex
File: pgfmoduleshapes.code.tex 2010/09/09  (rcs-revision 1.13)
\pgfnodeparttextbox=\box34
)
(/usr/share/texmf/tex/generic/pgf/modules/pgfmoduleplot.code.tex
File: pgfmoduleplot.code.tex 2010/10/22  (rcs-revision 1.8)
)
(/usr/share/texmf/tex/latex/pgf/compatibility/pgfcomp-version-0-65.sty
Package: pgfcomp-version-0-65 2007/07/03 v2.10 (rcs-revision 1.7)
\pgf@nodesepstart=\dimen154
\pgf@nodesepend=\dimen155
)
(/usr/share/texmf/tex/latex/pgf/compatibility/pgfcomp-version-1-18.sty
Package: pgfcomp-version-1-18 2007/07/23 v2.10 (rcs-revision 1.1)
))
(/usr/share/texmf/tex/latex/pgf/utilities/pgffor.sty
(/usr/share/texmf/tex/latex/pgf/utilities/pgfkeys.sty
(/usr/share/texmf/tex/generic/pgf/utilities/pgfkeys.code.tex))
(/usr/share/texmf/tex/generic/pgf/utilities/pgffor.code.tex
Package: pgffor 2010/03/23 v2.10 (rcs-revision 1.18)
\pgffor@iter=\dimen156
\pgffor@skip=\dimen157
\pgffor@stack=\toks30
\pgffor@toks=\toks31
))
(/usr/share/texmf/tex/generic/pgf/frontendlayer/tikz/tikz.code.tex
Package: tikz 2010/10/13 v2.10 (rcs-revision 1.76)

(/usr/share/texmf/tex/generic/pgf/libraries/pgflibraryplothandlers.code.tex
File: pgflibraryplothandlers.code.tex 2010/05/31 v2.10 (rcs-revision 1.15)
\pgf@plot@mark@count=\count113
\pgfplotmarksize=\dimen158
)
\tikz@lastx=\dimen159
\tikz@lasty=\dimen160
\tikz@lastxsaved=\dimen161
\tikz@lastysaved=\dimen162
\tikzleveldistance=\dimen163
\tikzsiblingdistance=\dimen164
\tikz@figbox=\box35
\tikz@tempbox=\box36
\tikztreelevel=\count114
\tikznumberofchildren=\count115
\tikznumberofcurrentchild=\count116
\tikz@fig@count=\count117

(/usr/share/texmf/tex/generic/pgf/modules/pgfmodulematrix.code.tex
File: pgfmodulematrix.code.tex 2010/08/24  (rcs-revision 1.4)
\pgfmatrixcurrentrow=\count118
\pgfmatrixcurrentcolumn=\count119
\pgf@matrix@numberofcolumns=\count120
)
\tikz@expandcount=\count121

(/usr/share/texmf/tex/generic/pgf/frontendlayer/tikz/libraries/tikzlibrarytopat
hs.code.tex
File: tikzlibrarytopaths.code.tex 2008/06/17 v2.10 (rcs-revision 1.2)
))) (/usr/share/texlive/texmf-dist/tex/latex/amsfonts/amssymb.sty
Package: amssymb 2013/01/14 v3.01 AMS font symbols

(/usr/share/texlive/texmf-dist/tex/latex/amsfonts/amsfonts.sty
Package: amsfonts 2013/01/14 v3.01 Basic AMSFonts support
\symAMSa=\mathgroup4
\symAMSb=\mathgroup5
LaTeX Font Info:    Overwriting math alphabet `\mathfrak' in version `bold'
(Font)                  U/euf/m/n --> U/euf/b/n on input line 106.
))
(/usr/share/texlive/texmf-dist/tex/latex/tkz-linknodes/tkz-linknodes.sty
Package: tkz-linknodes 2011/06/02 v1.1c tkz-linknodes

(/usr/share/texlive/texmf-dist/tex/latex/etex-pkg/etex.sty
Package: etex 1998/03/26 v2.0 eTeX basic definition package (PEB)
\et@xins=\count122
)
(/usr/share/texlive/texmf-dist/tex/latex/base/ifthen.sty
Package: ifthen 2001/05/26 v1.1c Standard LaTeX ifthen package (DPC)
)
(/usr/share/texlive/texmf-dist/tex/latex/xkeyval/xkeyval.sty
Package: xkeyval 2012/10/14 v2.6b package option processing (HA)

(/usr/share/texlive/texmf-dist/tex/generic/xkeyval/xkeyval.tex
\XKV@toks=\toks32
\XKV@tempa@toks=\toks33
\XKV@depth=\count123
File: xkeyval.tex 2012/10/14 v2.6b key=value parser (HA)
))
(/usr/share/texmf/tex/generic/pgf/frontendlayer/tikz/libraries/tikzlibraryarrow
s.code.tex
File: tikzlibraryarrows.code.tex 2008/01/09 v2.10 (rcs-revision 1.1)

(/usr/share/texmf/tex/generic/pgf/libraries/pgflibraryarrows.code.tex
File: pgflibraryarrows.code.tex 2008/10/27 v2.10 (rcs-revision 1.9)
\arrowsize=\dimen165
))
\p@intx=\dimen166
\p@inty=\dimen167
\p@intCx=\dimen168
\p@intCy=\dimen169
\p@intNx=\dimen170
\p@intNy=\dimen171
\c@C@NumTab=\count124
\c@C@NumGroup=\count125
\c@C@NextNode=\count126
\c@NumC@Node=\count127
\c@NumC@Stop=\count128
\c@C@CurrentStop=\count129
\c@C@CurrentNode=\count130
\c@C@CurrentGroup=\count131
)
(/usr/share/texlive/texmf-dist/tex/latex/fancyhdr/fancyhdr.sty
\fancy@headwidth=\skip46
\f@ncyO@elh=\skip47
\f@ncyO@erh=\skip48
\f@ncyO@olh=\skip49
\f@ncyO@orh=\skip50
\f@ncyO@elf=\skip51
\f@ncyO@erf=\skip52
\f@ncyO@olf=\skip53
\f@ncyO@orf=\skip54
)
(/usr/share/texlive/texmf-dist/tex/latex/hyperref/hyperref.sty
Package: hyperref 2012/11/06 v6.83m Hypertext links for LaTeX

(/usr/share/texlive/texmf-dist/tex/generic/oberdiek/hobsub-hyperref.sty
Package: hobsub-hyperref 2012/05/28 v1.13 Bundle oberdiek, subset hyperref (HO)


(/usr/share/texlive/texmf-dist/tex/generic/oberdiek/hobsub-generic.sty
Package: hobsub-generic 2012/05/28 v1.13 Bundle oberdiek, subset generic (HO)
Package: hobsub 2012/05/28 v1.13 Construct package bundles (HO)
Package hobsub Info: Skipping package `infwarerr' (already loaded).
Package hobsub Info: Skipping package `ltxcmds' (already loaded).
Package: ifluatex 2010/03/01 v1.3 Provides the ifluatex switch (HO)
Package ifluatex Info: LuaTeX not detected.
Package hobsub Info: Skipping package `ifvtex' (already loaded).
Package: intcalc 2007/09/27 v1.1 Expandable calculations with integers (HO)
Package hobsub Info: Skipping package `ifpdf' (already loaded).
Package: etexcmds 2011/02/16 v1.5 Avoid name clashes with e-TeX commands (HO)
Package etexcmds Info: Could not find \expanded.
(etexcmds)             That can mean that you are not using pdfTeX 1.50 or
(etexcmds)             that some package has redefined \expanded.
(etexcmds)             In the latter case, load this package earlier.
Package: kvsetkeys 2012/04/25 v1.16 Key value parser (HO)
Package: kvdefinekeys 2011/04/07 v1.3 Define keys (HO)
Package: pdftexcmds 2011/11/29 v0.20 Utility functions of pdfTeX for LuaTeX (HO
)
Package pdftexcmds Info: LuaTeX not detected.
Package pdftexcmds Info: \pdf@primitive is available.
Package pdftexcmds Info: \pdf@ifprimitive is available.
Package pdftexcmds Info: \pdfdraftmode found.
Package: pdfescape 2011/11/25 v1.13 Implements pdfTeX's escape features (HO)
Package: bigintcalc 2012/04/08 v1.3 Expandable calculations on big integers (HO
)
Package: bitset 2011/01/30 v1.1 Handle bit-vector datatype (HO)
Package: uniquecounter 2011/01/30 v1.2 Provide unlimited unique counter (HO)
)
Package hobsub Info: Skipping package `hobsub' (already loaded).
Package: letltxmacro 2010/09/02 v1.4 Let assignment for LaTeX macros (HO)
Package: hopatch 2012/05/28 v1.2 Wrapper for package hooks (HO)
Package: xcolor-patch 2011/01/30 xcolor patch
Package: atveryend 2011/06/30 v1.8 Hooks at the very end of document (HO)
Package atveryend Info: \enddocument detected (standard20110627).
Package: atbegshi 2011/10/05 v1.16 At begin shipout hook (HO)
Package: refcount 2011/10/16 v3.4 Data extraction from label references (HO)
Package: hycolor 2011/01/30 v1.7 Color options for hyperref/bookmark (HO)
)
(/usr/share/texlive/texmf-dist/tex/latex/oberdiek/auxhook.sty
Package: auxhook 2011/03/04 v1.3 Hooks for auxiliary files (HO)
)
(/usr/share/texlive/texmf-dist/tex/latex/oberdiek/kvoptions.sty
Package: kvoptions 2011/06/30 v3.11 Key value format for package options (HO)
)
\@linkdim=\dimen172
\Hy@linkcounter=\count132
\Hy@pagecounter=\count133

(/usr/share/texlive/texmf-dist/tex/latex/hyperref/pd1enc.def
File: pd1enc.def 2012/11/06 v6.83m Hyperref: PDFDocEncoding definition (HO)
)
\Hy@SavedSpaceFactor=\count134

(/usr/share/texlive/texmf-dist/tex/latex/latexconfig/hyperref.cfg
File: hyperref.cfg 2002/06/06 v1.2 hyperref configuration of TeXLive
)
Package hyperref Info: Option `colorlinks' set `true' on input line 4319.
Package hyperref Info: Hyper figures OFF on input line 4443.
Package hyperref Info: Link nesting OFF on input line 4448.
Package hyperref Info: Hyper index ON on input line 4451.
Package hyperref Info: Plain pages OFF on input line 4458.
Package hyperref Info: Backreferencing OFF on input line 4463.
Package hyperref Info: Implicit mode ON; LaTeX internals redefined.
Package hyperref Info: Bookmarks ON on input line 4688.
\c@Hy@tempcnt=\count135

(/usr/share/texlive/texmf-dist/tex/latex/url/url.sty
\Urlmuskip=\muskip11
Package: url 2013/09/16  ver 3.4  Verb mode for urls, etc.
)
LaTeX Info: Redefining \url on input line 5041.
\XeTeXLinkMargin=\dimen173
\Fld@menulength=\count136
\Field@Width=\dimen174
\Fld@charsize=\dimen175
Package hyperref Info: Hyper figures OFF on input line 6295.
Package hyperref Info: Link nesting OFF on input line 6300.
Package hyperref Info: Hyper index ON on input line 6303.
Package hyperref Info: backreferencing OFF on input line 6310.
Package hyperref Info: Link coloring ON on input line 6313.
Package hyperref Info: Link coloring with OCG OFF on input line 6320.
Package hyperref Info: PDF/A mode OFF on input line 6325.
LaTeX Info: Redefining \ref on input line 6365.
LaTeX Info: Redefining \pageref on input line 6369.
\Hy@abspage=\count137
\c@Item=\count138
\c@Hfootnote=\count139
)

Package hyperref Message: Driver (autodetected): hpdftex.

(/usr/share/texlive/texmf-dist/tex/latex/hyperref/hpdftex.def
File: hpdftex.def 2012/11/06 v6.83m Hyperref driver for pdfTeX
\Fld@listcount=\count140
\c@bookmark@seq@number=\count141

(/usr/share/texlive/texmf-dist/tex/latex/oberdiek/rerunfilecheck.sty
Package: rerunfilecheck 2011/04/15 v1.7 Rerun checks for auxiliary files (HO)
Package uniquecounter Info: New unique counter `rerunfilecheck' on input line 2
82.
)
\Hy@SectionHShift=\skip55
)
(/usr/share/texlive/texmf-dist/tex/latex/todonotes/todonotes.sty
Package: todonotes 2012/07/25 .dtx Todonotes source and documentation.
Package: todonotes 2012/07/25

(/usr/share/texmf/tex/generic/pgf/frontendlayer/tikz/libraries/tikzlibraryposit
ioning.code.tex
File: tikzlibrarypositioning.code.tex 2008/10/06 v2.10 (rcs-revision 1.7)
) (/usr/share/texlive/texmf-dist/tex/latex/tools/calc.sty
Package: calc 2007/08/22 v4.3 Infix arithmetic (KKT,FJ)
\calc@Acount=\count142
\calc@Bcount=\count143
\calc@Adimen=\dimen176
\calc@Bdimen=\dimen177
\calc@Askip=\skip56
\calc@Bskip=\skip57
LaTeX Info: Redefining \setlength on input line 76.
LaTeX Info: Redefining \addtolength on input line 77.
\calc@Ccount=\count144
\calc@Cskip=\skip58
)
\c@@todonotes@numberoftodonotes=\count145
)
(/usr/share/texlive/texmf-dist/tex/latex/rotating/rotating.sty
Package: rotating 2009/03/28 v2.16a rotated objects in LaTeX
\c@r@tfl@t=\count146
\rotFPtop=\skip59
\rotFPbot=\skip60
\rot@float@box=\box37
\rot@mess@toks=\toks34
)
(/usr/share/texlive/texmf-dist/tex/latex/multirow/multirow.sty
\bigstrutjot=\dimen178
)
(/usr/share/texlive/texmf-dist/tex/latex/paracol/paracol.sty
Package: paracol 2013/10/10 v1.31 
\pcol@currcol=\count147
\pcol@nextcol=\count148
\pcol@ncol=\count149
\pcol@ncolleft=\count150
\pcol@page=\count151
\pcol@basepage=\count152
\pcol@toppage=\count153
\pcol@footnotebase=\count154
\pcol@nfootnotes=\count155
\pcol@mcid=\count156
\pcol@prevdepth=\dimen179
\pcol@colht=\dimen180
\pcol@textfloatsep=\dimen181
\pcol@lrmargin=\dimen182
\pagerim=\dimen183
\pcol@topskip=\skip61
\pcol@topfnotes=\box38
\pcol@prespan=\box39
\pcol@rightpage=\box40
\pcol@tempbox=\box41
\pcol@everyvbox=\toks35
)
(/usr/share/texlive/texmf-dist/tex/generic/babel/babel.sty
Package: babel 2013/12/03 3.9h The Babel package

(/usr/share/texlive/texmf-dist/tex/generic/babel-french/frenchb.ldf
Language: frenchb 2013/12/30 v2.6g French support from the babel system

(/usr/share/texlive/texmf-dist/tex/generic/babel/babel.def
File: babel.def 2013/12/03 3.9h Babel common definitions
\babel@savecnt=\count157
\U@D=\dimen184
)
\FB@interchartokenstateORI=\count158
Package babel Info: Making : an active character on input line 244.
Package babel Info: Making ; an active character on input line 245.
Package babel Info: Making ! an active character on input line 246.
Package babel Info: Making ? an active character on input line 247.
\FB@Mht=\dimen185
\std@mcc=\count159
\dec@mcc=\count160
\listindentFB=\skip62
\labelwidthFB=\skip63
\leftmarginFB=\skip64
\parindentFFN=\dimen186
))
(/usr/share/texlive/texmf-dist/tex/latex/carlisle/scalefnt.sty)
(/usr/share/texlive/texmf-dist/tex/latex/booktabs/booktabs.sty
Package: booktabs 2005/04/14 v1.61803 publication quality tables
\heavyrulewidth=\dimen187
\lightrulewidth=\dimen188
\cmidrulewidth=\dimen189
\belowrulesep=\dimen190
\belowbottomsep=\dimen191
\aboverulesep=\dimen192
\abovetopsep=\dimen193
\cmidrulesep=\dimen194
\cmidrulekern=\dimen195
\defaultaddspace=\dimen196
\@cmidla=\count161
\@cmidlb=\count162
\@aboverulesep=\dimen197
\@belowrulesep=\dimen198
\@thisruleclass=\count163
\@lastruleclass=\count164
\@thisrulewidth=\dimen199
)
\c@thm=\count165

(./circuit(Part 1).aux)
\openout1 = `"circuit(Part 1).aux"'.

LaTeX Font Info:    Checking defaults for OML/cmm/m/it on input line 80.
LaTeX Font Info:    ... okay on input line 80.
LaTeX Font Info:    Checking defaults for T1/cmr/m/n on input line 80.
LaTeX Font Info:    ... okay on input line 80.
LaTeX Font Info:    Checking defaults for OT1/cmr/m/n on input line 80.
LaTeX Font Info:    ... okay on input line 80.
LaTeX Font Info:    Checking defaults for OMS/cmsy/m/n on input line 80.
LaTeX Font Info:    ... okay on input line 80.
LaTeX Font Info:    Checking defaults for OMX/cmex/m/n on input line 80.
LaTeX Font Info:    ... okay on input line 80.
LaTeX Font Info:    Checking defaults for U/cmr/m/n on input line 80.
LaTeX Font Info:    ... okay on input line 80.
LaTeX Font Info:    Checking defaults for PD1/pdf/m/n on input line 80.
LaTeX Font Info:    ... okay on input line 80.

*geometry* driver: auto-detecting
*geometry* detected driver: pdftex
*geometry* verbose mode - [ preamble ] result:
* driver: pdftex
* paper: a4paper
* layout: <same size as paper>
* layoutoffset:(h,v)=(0.0pt,0.0pt)
* modes: 
* h-part:(L,W,R)=(42.67912pt, 512.14963pt, 42.67912pt)
* v-part:(T,H,B)=(71.13188pt, 702.78308pt, 71.13188pt)
* \paperwidth=597.50787pt
* \paperheight=845.04684pt
* \textwidth=512.14963pt
* \textheight=702.78308pt
* \oddsidemargin=-29.59087pt
* \evensidemargin=-29.59087pt
* \topmargin=-38.1381pt
* \headheight=12.0pt
* \headsep=25.0pt
* \topskip=10.0pt
* \footskip=30.0pt
* \marginparwidth=57.0pt
* \marginparsep=11.0pt
* \columnsep=10.0pt
* \skip\footins=9.0pt plus 4.0pt minus 2.0pt
* \hoffset=0.0pt
* \voffset=0.0pt
* \mag=1000
* \@twocolumnfalse
* \@twosidefalse
* \@mparswitchfalse
* \@reversemarginfalse
* (1in=72.27pt=25.4mm, 1cm=28.453pt)

(/usr/share/texlive/texmf-dist/tex/context/base/supp-pdf.mkii
[Loading MPS to PDF converter (version 2006.09.02).]
\scratchcounter=\count166
\scratchdimen=\dimen200
\scratchbox=\box42
\nofMPsegments=\count167
\nofMParguments=\count168
\everyMPshowfont=\toks36
\MPscratchCnt=\count169
\MPscratchDim=\dimen201
\MPnumerator=\count170
\makeMPintoPDFobject=\count171
\everyMPtoPDFconversion=\toks37
) ABD: EveryShipout initializing macros
(/usr/share/texlive/texmf-dist/tex/latex/oberdiek/epstopdf-base.sty
Package: epstopdf-base 2010/02/09 v2.5 Base part for package epstopdf

(/usr/share/texlive/texmf-dist/tex/latex/oberdiek/grfext.sty
Package: grfext 2010/08/19 v1.1 Manage graphics extensions (HO)
)
Package grfext Info: Graphics extension search list:
(grfext)             [.png,.pdf,.jpg,.mps,.jpeg,.jbig2,.jb2,.PNG,.PDF,.JPG,.JPE
G,.JBIG2,.JB2,.eps]
(grfext)             \AppendGraphicsExtensions on input line 452.

(/usr/share/texlive/texmf-dist/tex/latex/latexconfig/epstopdf-sys.cfg
File: epstopdf-sys.cfg 2010/07/13 v1.3 Configuration of (r)epstopdf for TeX Liv
e
))
\AtBeginShipoutBox=\box43
Package hyperref Info: Link coloring ON on input line 80.

(/usr/share/texlive/texmf-dist/tex/latex/hyperref/nameref.sty
Package: nameref 2012/10/27 v2.43 Cross-referencing by name of section

(/usr/share/texlive/texmf-dist/tex/generic/oberdiek/gettitlestring.sty
Package: gettitlestring 2010/12/03 v1.4 Cleanup title references (HO)
)
\c@section@level=\count172
)
LaTeX Info: Redefining \ref on input line 80.
LaTeX Info: Redefining \pageref on input line 80.
LaTeX Info: Redefining \nameref on input line 80.

(./circuit(Part 1).out) (./circuit(Part 1).out)
\@outlinefile=\write4
\openout4 = `"circuit(Part 1).out"'.

LaTeX Info: Redefining \degres on input line 80.
LaTeX Info: Redefining \dots on input line 80.
LaTeX Info: Redefining \up on input line 80.


Package frenchb.ldf Warning: OT1 encoding should not be used for French. 
(frenchb.ldf)                Add \usepackage[T1]{fontenc} to the preamble
(frenchb.ldf)                of your document, on input line 80.

Package epstopdf Info: Source file: <./images/introduction.eps>
(epstopdf)                    date: 2016-02-22 23:27:40
(epstopdf)                    size: 46368 bytes
(epstopdf)             Output file: <./images/introduction-eps-converted-to.pdf
>
(epstopdf)                    date: 2016-02-22 23:29:26
(epstopdf)                    size: 20063 bytes
(epstopdf)             Command: <repstopdf --outfile=./images/introduction-eps-
converted-to.pdf ./images/introduction.eps>
(epstopdf)             \includegraphics on input line 95.
Package epstopdf Info: Output file is already uptodate.
<./images/introduction-eps-converted-to.pdf, id=88, 414.54875pt x 279.0425pt>
File: ./images/introduction-eps-converted-to.pdf Graphic file (type pdf)

<use ./images/introduction-eps-converted-to.pdf>
Package pdftex.def Info: ./images/introduction-eps-converted-to.pdf used on inp
ut line 95.
(pdftex.def)             Requested size: 256.07481pt x 172.37439pt.
LaTeX Font Info:    Try loading font information for U+msa on input line 99.

(/usr/share/texlive/texmf-dist/tex/latex/amsfonts/umsa.fd
File: umsa.fd 2013/01/14 v3.01 AMS symbols A
)
LaTeX Font Info:    Try loading font information for U+msb on input line 99.

(/usr/share/texlive/texmf-dist/tex/latex/amsfonts/umsb.fd
File: umsb.fd 2013/01/14 v3.01 AMS symbols B
)
Package epstopdf Info: Source file: <./images/circuit1/current1.eps>
(epstopdf)                    date: 2016-02-22 15:42:26
(epstopdf)                    size: 37567 bytes
(epstopdf)             Output file: <./images/circuit1/current1-eps-converted-t
o.pdf>
(epstopdf)                    date: 2016-02-22 15:43:58
(epstopdf)                    size: 16061 bytes
(epstopdf)             Command: <repstopdf --outfile=./images/circuit1/current1
-eps-converted-to.pdf ./images/circuit1/current1.eps>
(epstopdf)             \includegraphics on input line 121.
Package epstopdf Info: Output file is already uptodate.

<./images/circuit1/current1-eps-converted-to.pdf, id=90, 90.3375pt x 176.66pt>
File: ./images/circuit1/current1-eps-converted-to.pdf Graphic file (type pdf)

<use ./images/circuit1/current1-eps-converted-to.pdf>
Package pdftex.def Info: ./images/circuit1/current1-eps-converted-to.pdf used o
n input line 121.
(pdftex.def)             Requested size: 46.09158pt x 90.13583pt.
 [1

{/var/lib/texmf/fonts/map/pdftex/updmap/pdftex.map} <./images/introduction-eps-
converted-to.pdf>]
Package epstopdf Info: Source file: <./images/circuit1/VoltageSource.eps>
(epstopdf)                    date: 2016-02-25 11:15:29
(epstopdf)                    size: 51419 bytes
(epstopdf)             Output file: <./images/circuit1/VoltageSource-eps-conver
ted-to.pdf>
(epstopdf)                    date: 2016-02-25 11:19:20
(epstopdf)                    size: 22518 bytes
(epstopdf)             Command: <repstopdf --outfile=./images/circuit1/VoltageS
ource-eps-converted-to.pdf ./images/circuit1/VoltageSource.eps>
(epstopdf)             \includegraphics on input line 145.
Package epstopdf Info: Output file is already uptodate.

<./images/circuit1/VoltageSource-eps-converted-to.pdf, id=119, 317.185pt x 176.
66pt>
File: ./images/circuit1/VoltageSource-eps-converted-to.pdf Graphic file (type p
df)
 <use ./images/circuit1/VoltageSource-eps-converted-to.pdf>
Package pdftex.def Info: ./images/circuit1/VoltageSource-eps-converted-to.pdf u
sed on input line 145.
(pdftex.def)             Requested size: 153.64644pt x 85.57756pt.
Package epstopdf Info: Source file: <./images/circuit1/resistor.eps>
(epstopdf)                    date: 2016-02-22 15:41:32
(epstopdf)                    size: 9013 bytes
(epstopdf)             Output file: <./images/circuit1/resistor-eps-converted-t
o.pdf>
(epstopdf)                    date: 2016-02-22 15:43:58
(epstopdf)                    size: 5823 bytes
(epstopdf)             Command: <repstopdf --outfile=./images/circuit1/resistor
-eps-converted-to.pdf ./images/circuit1/resistor.eps>
(epstopdf)             \includegraphics on input line 167.
Package epstopdf Info: Output file is already uptodate.

<./images/circuit1/resistor-eps-converted-to.pdf, id=120, 95.35625pt x 138.5175
pt>
File: ./images/circuit1/resistor-eps-converted-to.pdf Graphic file (type pdf)
 <use ./images/circuit1/resistor-eps-converted-to.pdf>
Package pdftex.def Info: ./images/circuit1/resistor-eps-converted-to.pdf used o
n input line 167.
(pdftex.def)             Requested size: 51.21808pt x 74.40097pt.

<./images/ColourCode1.png, id=121, 537.00626pt x 779.91376pt>
File: ./images/ColourCode1.png Graphic file (type png)

<use ./images/ColourCode1.png>
Package pdftex.def Info: ./images/ColourCode1.png used on input line 181.
(pdftex.def)             Requested size: 256.07481pt x 371.90285pt.

<./images/ColourCode2.png, id=123, 515.9275pt x 461.725pt>
File: ./images/ColourCode2.png Graphic file (type png)

<use ./images/ColourCode2.png>
Package pdftex.def Info: ./images/ColourCode2.png used on input line 189.
(pdftex.def)             Requested size: 256.07481pt x 229.17809pt.
 [2 <./images/circuit1/current1-eps-converted-to.pdf> <./images/circuit1/Voltag
eSource-eps-converted-to.pdf> <./images/circuit1/resistor-eps-converted-to.pdf>
] [3 <./images/ColourCode1.png> <./images/ColourCode2.png>]
Package epstopdf Info: Source file: <./images/circuit1/circuit5_1.eps>
(epstopdf)                    date: 2016-02-24 04:00:29
(epstopdf)                    size: 82326 bytes
(epstopdf)             Output file: <./images/circuit1/circuit5_1-eps-converted
-to.pdf>
(epstopdf)                    date: 2016-02-24 04:00:37
(epstopdf)                    size: 32258 bytes
(epstopdf)             Command: <repstopdf --outfile=./images/circuit1/circuit5
_1-eps-converted-to.pdf ./images/circuit1/circuit5_1.eps>
(epstopdf)             \includegraphics on input line 244.
Package epstopdf Info: Output file is already uptodate.

<./images/circuit1/circuit5_1-eps-converted-to.pdf, id=175, 415.5525pt x 260.97
5pt>
File: ./images/circuit1/circuit5_1-eps-converted-to.pdf Graphic file (type pdf)

 <use ./images/circuit1/circuit5_1-eps-converted-to.pdf>
Package pdftex.def Info: ./images/circuit1/circuit5_1-eps-converted-to.pdf used
 on input line 244.
(pdftex.def)             Requested size: 256.07481pt x 160.8272pt.

Overfull \hbox (15.0pt too wide) in paragraph at lines 246--247
[][][][] 
 []

[4]
Underfull \hbox (badness 10000) in paragraph at lines 261--263

 []


Overfull \hbox (45.00003pt too wide) in paragraph at lines 261--263
[] 
 []


Underfull \hbox (badness 10000) in paragraph at lines 261--263

 []


Underfull \hbox (badness 10000) in paragraph at lines 263--265

 []


Underfull \hbox (badness 10000) in paragraph at lines 265--267

 []


Underfull \hbox (badness 10000) in paragraph at lines 268--271

 []


Overfull \hbox (45.00003pt too wide) in paragraph at lines 268--271
[] 
 []


Underfull \hbox (badness 10000) in paragraph at lines 268--271

 []


Underfull \hbox (badness 10000) in paragraph at lines 271--272

 []


Underfull \hbox (badness 10000) in paragraph at lines 272--274

 []

Package epstopdf Info: Source file: <./images/circuit1/append_end2.eps>
(epstopdf)                    date: 2016-02-21 18:18:26
(epstopdf)                    size: 74018 bytes
(epstopdf)             Output file: <./images/circuit1/append_end2-eps-converte
d-to.pdf>
(epstopdf)                    date: 2016-02-22 14:54:57
(epstopdf)                    size: 28609 bytes
(epstopdf)             Command: <repstopdf --outfile=./images/circuit1/append_e
nd2-eps-converted-to.pdf ./images/circuit1/append_end2.eps>
(epstopdf)             \includegraphics on input line 297.
Package epstopdf Info: Output file is already uptodate.

<./images/circuit1/append_end2-eps-converted-to.pdf, id=187, 104.39pt x 166.622
5pt>
File: ./images/circuit1/append_end2-eps-converted-to.pdf Graphic file (type pdf
)
 <use ./images/circuit1/append_end2-eps-converted-to.pdf>
Package pdftex.def Info: ./images/circuit1/append_end2-eps-converted-to.pdf use
d on input line 297.
(pdftex.def)             Requested size: 76.8193pt x 122.62242pt.
 [5 <./images/circuit1/circuit5_1-eps-converted-to.pdf>]
Package epstopdf Info: Source file: <./images/circuit1/append_end2_2.eps>
(epstopdf)                    date: 2016-02-21 18:17:27
(epstopdf)                    size: 73975 bytes
(epstopdf)             Output file: <./images/circuit1/append_end2_2-eps-conver
ted-to.pdf>
(epstopdf)                    date: 2016-02-22 14:54:58
(epstopdf)                    size: 28635 bytes
(epstopdf)             Command: <repstopdf --outfile=./images/circuit1/append_e
nd2_2-eps-converted-to.pdf ./images/circuit1/append_end2_2.eps>
(epstopdf)             \includegraphics on input line 320.
Package epstopdf Info: Output file is already uptodate.

<./images/circuit1/append_end2_2-eps-converted-to.pdf, id=220, 177.66376pt x 12
5.46875pt>
File: ./images/circuit1/append_end2_2-eps-converted-to.pdf Graphic file (type p
df)
 <use ./images/circuit1/append_end2_2-eps-converted-to.pdf>
Package pdftex.def Info: ./images/circuit1/append_end2_2-eps-converted-to.pdf u
sed on input line 320.
(pdftex.def)             Requested size: 153.64644pt x 108.50981pt.
 [6 <./images/circuit1/append_end2-eps-converted-to.pdf> <./images/circuit1/app
end_end2_2-eps-converted-to.pdf>]
Package epstopdf Info: Source file: <./images/nodemethod_0.eps>
(epstopdf)                    date: 2016-02-26 21:38:37
(epstopdf)                    size: 86617 bytes
(epstopdf)             Output file: <./images/nodemethod_0-eps-converted-to.pdf
>
(epstopdf)                    date: 2016-02-26 21:40:08
(epstopdf)                    size: 36636 bytes
(epstopdf)             Command: <repstopdf --outfile=./images/nodemethod_0-eps-
converted-to.pdf ./images/nodemethod_0.eps>
(epstopdf)             \includegraphics on input line 387.
Package epstopdf Info: Output file is already uptodate.

<./images/nodemethod_0-eps-converted-to.pdf, id=268, 509.905pt x 273.02pt>
File: ./images/nodemethod_0-eps-converted-to.pdf Graphic file (type pdf)

<use ./images/nodemethod_0-eps-converted-to.pdf>
Package pdftex.def Info: ./images/nodemethod_0-eps-converted-to.pdf used on inp
ut line 387.
(pdftex.def)             Requested size: 230.46576pt x 123.39943pt.
Package epstopdf Info: Source file: <./images/nodemethod_1.eps>
(epstopdf)                    date: 2016-02-26 21:39:24
(epstopdf)                    size: 90712 bytes
(epstopdf)             Output file: <./images/nodemethod_1-eps-converted-to.pdf
>
(epstopdf)                    date: 2016-02-26 21:41:34
(epstopdf)                    size: 37699 bytes
(epstopdf)             Command: <repstopdf --outfile=./images/nodemethod_1-eps-
converted-to.pdf ./images/nodemethod_1.eps>
(epstopdf)             \includegraphics on input line 396.
Package epstopdf Info: Output file is already uptodate.

<./images/nodemethod_1-eps-converted-to.pdf, id=269, 509.905pt x 345.29pt>
File: ./images/nodemethod_1-eps-converted-to.pdf Graphic file (type pdf)

<use ./images/nodemethod_1-eps-converted-to.pdf>
Package pdftex.def Info: ./images/nodemethod_1-eps-converted-to.pdf used on inp
ut line 396.
(pdftex.def)             Requested size: 230.46576pt x 156.06398pt.
Package epstopdf Info: Source file: <./images/nodemethod_3.eps>
(epstopdf)                    date: 2016-02-26 21:36:48
(epstopdf)                    size: 93165 bytes
(epstopdf)             Output file: <./images/nodemethod_3-eps-converted-to.pdf
>
(epstopdf)                    date: 2016-02-26 21:53:51
(epstopdf)                    size: 38455 bytes
(epstopdf)             Command: <repstopdf --outfile=./images/nodemethod_3-eps-
converted-to.pdf ./images/nodemethod_3.eps>
(epstopdf)             \includegraphics on input line 417.
Package epstopdf Info: Output file is already uptodate.

<./images/nodemethod_3-eps-converted-to.pdf, id=270, 550.055pt x 384.43625pt>
File: ./images/nodemethod_3-eps-converted-to.pdf Graphic file (type pdf)

<use ./images/nodemethod_3-eps-converted-to.pdf>
Package pdftex.def Info: ./images/nodemethod_3-eps-converted-to.pdf used on inp
ut line 417.
(pdftex.def)             Requested size: 256.07481pt x 178.97804pt.
Package epstopdf Info: Source file: <./images/nodemethod_4.eps>
(epstopdf)                    date: 2016-02-26 22:26:03
(epstopdf)                    size: 99822 bytes
(epstopdf)             Output file: <./images/nodemethod_4-eps-converted-to.pdf
>
(epstopdf)                    date: 2016-02-26 22:26:17
(epstopdf)                    size: 40580 bytes
(epstopdf)             Command: <repstopdf --outfile=./images/nodemethod_4-eps-
converted-to.pdf ./images/nodemethod_4.eps>
(epstopdf)             \includegraphics on input line 425.
Package epstopdf Info: Output file is already uptodate.

<./images/nodemethod_4-eps-converted-to.pdf, id=271, 550.055pt x 384.43625pt>
File: ./images/nodemethod_4-eps-converted-to.pdf Graphic file (type pdf)

<use ./images/nodemethod_4-eps-converted-to.pdf>
Package pdftex.def Info: ./images/nodemethod_4-eps-converted-to.pdf used on inp
ut line 425.
(pdftex.def)             Requested size: 256.07481pt x 178.97804pt.

Underfull \hbox (badness 10000) in paragraph at lines 421--428

 []

[7 <./images/nodemethod_0-eps-converted-to.pdf>] [8 <./images/nodemethod_1-eps-
converted-to.pdf> <./images/nodemethod_3-eps-converted-to.pdf> <./images/nodeme
thod_4-eps-converted-to.pdf>] [9]
Package epstopdf Info: Source file: <./images/meshmethod_.eps>
(epstopdf)                    date: 2016-02-27 14:56:30
(epstopdf)                    size: 63280 bytes
(epstopdf)             Output file: <./images/meshmethod_-eps-converted-to.pdf>

(epstopdf)                    date: 2016-02-27 14:56:49
(epstopdf)                    size: 26093 bytes
(epstopdf)             Command: <repstopdf --outfile=./images/meshmethod_-eps-c
onverted-to.pdf ./images/meshmethod_.eps>
(epstopdf)             \includegraphics on input line 549.
Package epstopdf Info: Output file is already uptodate.

<./images/meshmethod_-eps-converted-to.pdf, id=417, 530.98375pt x 346.29375pt>
File: ./images/meshmethod_-eps-converted-to.pdf Graphic file (type pdf)

<use ./images/meshmethod_-eps-converted-to.pdf>
Package pdftex.def Info: ./images/meshmethod_-eps-converted-to.pdf used on inpu
t line 549.
(pdftex.def)             Requested size: 230.46576pt x 150.30367pt.
Package epstopdf Info: Source file: <./images/meshmethod.eps>
(epstopdf)                    date: 2016-02-27 14:36:08
(epstopdf)                    size: 92095 bytes
(epstopdf)             Output file: <./images/meshmethod-eps-converted-to.pdf>
(epstopdf)                    date: 2016-02-27 14:57:40
(epstopdf)                    size: 37281 bytes
(epstopdf)             Command: <repstopdf --outfile=./images/meshmethod-eps-co
nverted-to.pdf ./images/meshmethod.eps>
(epstopdf)             \includegraphics on input line 561.
Package epstopdf Info: Output file is already uptodate.

<./images/meshmethod-eps-converted-to.pdf, id=418, 530.98375pt x 349.305pt>
File: ./images/meshmethod-eps-converted-to.pdf Graphic file (type pdf)

<use ./images/meshmethod-eps-converted-to.pdf>
Package pdftex.def Info: ./images/meshmethod-eps-converted-to.pdf used on input
 line 561.
(pdftex.def)             Requested size: 230.46576pt x 151.61066pt.
 [10 <./images/meshmethod_-eps-converted-to.pdf>] [11 <./images/meshmethod-eps-
converted-to.pdf>]

Package hyperref Warning: Token not allowed in a PDF string (PDFDocEncoding):
(hyperref)                removing `math shift' on input line 636.


Package hyperref Warning: Token not allowed in a PDF string (PDFDocEncoding):
(hyperref)                removing `\Delta' on input line 636.


Package hyperref Warning: Token not allowed in a PDF string (PDFDocEncoding):
(hyperref)                removing `math shift' on input line 636.


Package hyperref Warning: Token not allowed in a PDF string (PDFDocEncoding):
(hyperref)                removing `math shift' on input line 636.


Package hyperref Warning: Token not allowed in a PDF string (PDFDocEncoding):
(hyperref)                removing `\Delta' on input line 636.


Package hyperref Warning: Token not allowed in a PDF string (PDFDocEncoding):
(hyperref)                removing `math shift' on input line 636.

Missing character: There is no ‚ in font cmr10!
Missing character: There is no Ä in font cmr10!
Missing character: There is no ú in font cmr10!
Missing character: There is no ‚ in font cmr10!
Missing character: There is no Ä in font cmr10!
Missing character: There is no ù in font cmr10!
Missing character: There is no ‚ in font cmr10!
Missing character: There is no Ä in font cmr10!
Missing character: There is no ú in font cmr10!
Missing character: There is no ‚ in font cmr10!
Missing character: There is no Ä in font cmr10!
Missing character: There is no ù in font cmr10!
Package epstopdf Info: Source file: <./images/equ_resis1.eps>
(epstopdf)                    date: 2016-03-02 13:46:20
(epstopdf)                    size: 45626 bytes
(epstopdf)             Output file: <./images/equ_resis1-eps-converted-to.pdf>
(epstopdf)                    date: 2016-03-02 17:07:48
(epstopdf)                    size: 19182 bytes
(epstopdf)             Command: <repstopdf --outfile=./images/equ_resis1-eps-co
nverted-to.pdf ./images/equ_resis1.eps>
(epstopdf)             \includegraphics on input line 648.
Package epstopdf Info: Output file is already uptodate.
<./images/equ_resis1-eps-converted-to.pdf, id=487, 304.13625pt x 351.3125pt>
File: ./images/equ_resis1-eps-converted-to.pdf Graphic file (type pdf)

<use ./images/equ_resis1-eps-converted-to.pdf>
Package pdftex.def Info: ./images/equ_resis1-eps-converted-to.pdf used on input
 line 648.
(pdftex.def)             Requested size: 102.42836pt x 118.31357pt.
Package epstopdf Info: Source file: <./images/equ_resis2.eps>
(epstopdf)                    date: 2016-03-02 17:12:44
(epstopdf)                    size: 45684 bytes
(epstopdf)             Output file: <./images/equ_resis2-eps-converted-to.pdf>
(epstopdf)                    date: 2016-03-02 17:12:49
(epstopdf)                    size: 19356 bytes
(epstopdf)             Command: <repstopdf --outfile=./images/equ_resis2-eps-co
nverted-to.pdf ./images/equ_resis2.eps>
(epstopdf)             \includegraphics on input line 669.
Package epstopdf Info: Output file is already uptodate.

<./images/equ_resis2-eps-converted-to.pdf, id=488, 387.4475pt x 321.2pt>
File: ./images/equ_resis2-eps-converted-to.pdf Graphic file (type pdf)

<use ./images/equ_resis2-eps-converted-to.pdf>
Package pdftex.def Info: ./images/equ_resis2-eps-converted-to.pdf used on input
 line 669.
(pdftex.def)             Requested size: 128.0374pt x 106.14336pt.
Package epstopdf Info: Source file: <./images/equ_resis3.eps>
(epstopdf)                    date: 2016-03-02 17:32:26
(epstopdf)                    size: 69498 bytes
(epstopdf)             Output file: <./images/equ_resis3-eps-converted-to.pdf>
(epstopdf)                    date: 2016-03-02 17:41:06
(epstopdf)                    size: 23827 bytes
(epstopdf)             Command: <repstopdf --outfile=./images/equ_resis3-eps-co
nverted-to.pdf ./images/equ_resis3.eps>
(epstopdf)             \includegraphics on input line 691.
Package epstopdf Info: Output file is already uptodate.

<./images/equ_resis3-eps-converted-to.pdf, id=489, 426.59375pt x 424.58624pt>
File: ./images/equ_resis3-eps-converted-to.pdf Graphic file (type pdf)

<use ./images/equ_resis3-eps-converted-to.pdf>
Package pdftex.def Info: ./images/equ_resis3-eps-converted-to.pdf used on input
 line 691.
(pdftex.def)             Requested size: 128.03769pt x 119.47289pt.
 [12pdfTeX warning (ext4): destination with the same identifier (name{figure.15
}) has been already used, duplicate ignored

\@EveryShipout@Output ...@Org@Shipout \box \@cclv 
                                                  
l.695 
      pdfTeX warning (ext4): destination with the same identifier (name{equatio
n.5.31}) has been already used, duplicate ignored

\@EveryShipout@Output ...@Org@Shipout \box \@cclv 
                                                  
l.695 
      pdfTeX warning (ext4): destination with the same identifier (name{equatio
n.5.32}) has been already used, duplicate ignored

\@EveryShipout@Output ...@Org@Shipout \box \@cclv 
                                                  
l.695 
      pdfTeX warning (ext4): destination with the same identifier (name{equatio
n.5.33}) has been already used, duplicate ignored

\@EveryShipout@Output ...@Org@Shipout \box \@cclv 
                                                  
l.695 
       <./images/equ_resis1-eps-converted-to.pdf> <./images/equ_resis2-eps-conv
erted-to.pdf> <./images/equ_resis3-eps-converted-to.pdf>]
Package epstopdf Info: Source file: <./images/equ_resis4.eps>
(epstopdf)                    date: 2016-03-02 17:40:02
(epstopdf)                    size: 69024 bytes
(epstopdf)             Output file: <./images/equ_resis4-eps-converted-to.pdf>
(epstopdf)                    date: 2016-03-02 17:49:12
(epstopdf)                    size: 23673 bytes
(epstopdf)             Command: <repstopdf --outfile=./images/equ_resis4-eps-co
nverted-to.pdf ./images/equ_resis4.eps>
(epstopdf)             \includegraphics on input line 701.
Package epstopdf Info: Output file is already uptodate.

<./images/equ_resis4-eps-converted-to.pdf, id=537, 436.63126pt x 440.64626pt>
File: ./images/equ_resis4-eps-converted-to.pdf Graphic file (type pdf)

<use ./images/equ_resis4-eps-converted-to.pdf>
Package pdftex.def Info: ./images/equ_resis4-eps-converted-to.pdf used on input
 line 701.
(pdftex.def)             Requested size: 128.03226pt x 119.4669pt.
Package atveryend Info: Empty hook `BeforeClearDocument' on input line 723.
 [13 <./images/equ_resis4-eps-converted-to.pdf>]
Package atveryend Info: Empty hook `AfterLastShipout' on input line 723.
 (./circuit(Part 1).aux)
Package atveryend Info: Executing hook `AtVeryEndDocument' on input line 723.
Package atveryend Info: Executing hook `AtEndAfterFileList' on input line 723.
Package rerunfilecheck Info: File `"circuit(Part 1)".out' has not changed.
(rerunfilecheck)             Checksum: E95839DD2ACD9AE7A880E42B932CB91A;1398.
Package atveryend Info: Empty hook `AtVeryVeryEnd' on input line 723.
 ) 
Here is how much of TeX's memory you used:
 17645 strings out of 493304
 308084 string characters out of 6139871
 403498 words of memory out of 5000000
 20626 multiletter control sequences out of 15000+600000
 7857 words of font info for 30 fonts, out of 8000000 for 9000
 957 hyphenation exceptions out of 8191
 56i,7n,55p,602b,537s stack positions out of 5000i,500n,10000p,200000b,80000s
</usr/share/texlive/texmf-dist/fonts/type1/public/amsfonts/cm/cmbx10.pfb></us
r/share/texlive/texmf-dist/fonts/type1/public/amsfonts/cm/cmbx12.pfb></usr/shar
e/texlive/texmf-dist/fonts/type1/public/amsfonts/cm/cmcsc10.pfb></usr/share/tex
live/texmf-dist/fonts/type1/public/amsfonts/cm/cmex10.pfb></usr/share/texlive/t
exmf-dist/fonts/type1/public/amsfonts/cm/cmmi10.pfb></usr/share/texlive/texmf-d
ist/fonts/type1/public/amsfonts/cm/cmmi5.pfb></usr/share/texlive/texmf-dist/fon
ts/type1/public/amsfonts/cm/cmmi7.pfb></usr/share/texlive/texmf-dist/fonts/type
1/public/amsfonts/cm/cmr10.pfb></usr/share/texlive/texmf-dist/fonts/type1/publi
c/amsfonts/cm/cmr5.pfb></usr/share/texlive/texmf-dist/fonts/type1/public/amsfon
ts/cm/cmr7.pfb></usr/share/texlive/texmf-dist/fonts/type1/public/amsfonts/cm/cm
sl10.pfb></usr/share/texlive/texmf-dist/fonts/type1/public/amsfonts/cm/cmsy10.p
fb></usr/share/texlive/texmf-dist/fonts/type1/public/amsfonts/cm/cmsy7.pfb></us
r/share/texlive/texmf-dist/fonts/type1/public/amsfonts/cm/cmti10.pfb>
Output written on "circuit(Part 1).pdf" (13 pages, 633136 bytes).
PDF statistics:
 638 PDF objects out of 1000 (max. 8388607)
 453 compressed objects within 5 object streams
 118 named destinations out of 1000 (max. 500000)
 268 words of extra memory for PDF output out of 10000 (max. 10000000)

